Traceback (most recent call last):
  File "/usr/share/miniconda3/envs/main-conda-env/lib/python3.8/site-packages/jupyter_cache/executors/utils.py", line 51, in single_nb_execution
    executenb(
  File "/usr/share/miniconda3/envs/main-conda-env/lib/python3.8/site-packages/nbclient/client.py", line 1093, in execute
    return NotebookClient(nb=nb, resources=resources, km=km, **kwargs).execute()
  File "/usr/share/miniconda3/envs/main-conda-env/lib/python3.8/site-packages/nbclient/util.py", line 84, in wrapped
    return just_run(coro(*args, **kwargs))
  File "/usr/share/miniconda3/envs/main-conda-env/lib/python3.8/site-packages/nbclient/util.py", line 62, in just_run
    return loop.run_until_complete(coro)
  File "/usr/share/miniconda3/envs/main-conda-env/lib/python3.8/asyncio/base_events.py", line 616, in run_until_complete
    return future.result()
  File "/usr/share/miniconda3/envs/main-conda-env/lib/python3.8/site-packages/nbclient/client.py", line 559, in async_execute
    await self.async_execute_cell(
  File "/usr/share/miniconda3/envs/main-conda-env/lib/python3.8/site-packages/nbclient/client.py", line 854, in async_execute_cell
    self._check_raise_for_error(cell, exec_reply)
  File "/usr/share/miniconda3/envs/main-conda-env/lib/python3.8/site-packages/nbclient/client.py", line 756, in _check_raise_for_error
    raise CellExecutionError.from_cell_and_msg(cell, exec_reply_content)
nbclient.exceptions.CellExecutionError: An error occurred while executing the following cell:
------------------
# Packages for data management.
import pandas as pd
import numpy as np

# Packages to be used in pre-processing the text.
import re
import nltk
nltk.download('stopwords') # For a standard list of stopwords.
nltk.download('wordnet') # For lemmatisation.
import pkg_resources
!pip install symspellpy
from symspellpy import SymSpell, Verbosity

# Packages for visualisation.
# from pprint import pprint
# import seaborn as sns
import matplotlib.pyplot as plt
from wordcloud import WordCloud
from collections import Counter

# For vectorisation using TF-IDF and t-SNE.
from sklearn.feature_extraction.text import TfidfVectorizer
from sklearn.manifold import TSNE

# For clustering sentences using K-Means clustering.
from sklearn.cluster import KMeans

# For vectorisation using BERT.
!pip install sentence_transformers
from sentence_transformers import SentenceTransformer

# For evaluating the clustering model.
from sklearn.metrics import silhouette_score
------------------

[0;31m---------------------------------------------------------------------------[0m
[0;31mModuleNotFoundError[0m                       Traceback (most recent call last)
[0;32m/tmp/ipykernel_3256/2719385691.py[0m in [0;36m<module>[0;34m[0m
[1;32m      5[0m [0;31m# Packages to be used in pre-processing the text.[0m[0;34m[0m[0;34m[0m[0;34m[0m[0m
[1;32m      6[0m [0;32mimport[0m [0mre[0m[0;34m[0m[0;34m[0m[0m
[0;32m----> 7[0;31m [0;32mimport[0m [0mnltk[0m[0;34m[0m[0;34m[0m[0m
[0m[1;32m      8[0m [0mnltk[0m[0;34m.[0m[0mdownload[0m[0;34m([0m[0;34m'stopwords'[0m[0;34m)[0m [0;31m# For a standard list of stopwords.[0m[0;34m[0m[0;34m[0m[0m
[1;32m      9[0m [0mnltk[0m[0;34m.[0m[0mdownload[0m[0;34m([0m[0;34m'wordnet'[0m[0;34m)[0m [0;31m# For lemmatisation.[0m[0;34m[0m[0;34m[0m[0m

[0;31mModuleNotFoundError[0m: No module named 'nltk'
ModuleNotFoundError: No module named 'nltk'

